[INFO ] 2022-05-18 20:03:08.988 [main] Log - *** Running test method SanDiegoZoo_Diet_Formulation...
[INFO ] 2022-05-18 20:03:48.347 [main] Log - *** Test Suite SanDiegoZoo_Diet_Formulation ending ***
[INFO ] 2022-05-18 20:04:00.661 [main] Log - *** Running test method SanDiegoZoo_Diet_Preparation...
[INFO ] 2022-05-18 20:04:43.248 [main] Log - *** Test Suite SanDiegoZoo_Diet_Preparation ending ***
[INFO ] 2022-05-18 20:04:52.480 [main] Log - *** Running test method SanDiegoZoo_Diet_Sheets...
[INFO ] 2022-05-18 20:05:11.704 [main] Log - *** Test Suite SanDiegoZoo_Diet_Sheets ending ***
[INFO ] 2022-05-18 20:05:22.071 [main] Log - *** Running test method SanDiegoZoo_All_System_Requests...
[INFO ] 2022-05-18 20:05:45.620 [main] Log - *** Test Suite SanDiegoZoo_All_System_Requests ending ***
[INFO ] 2022-05-18 20:05:54.748 [main] Log - *** Running test method SanDiegoZoo_Diet_Management_Request...
[INFO ] 2022-05-18 20:06:12.260 [main] Log - *** Test Suite SanDiegoZoo_Diet_Management_Request ending ***
[INFO ] 2022-05-18 20:06:23.448 [main] Log - *** Running test method SanDiegoZoo_My_Notifications...
[INFO ] 2022-05-18 20:06:35.732 [main] Log - *** Test Suite SanDiegoZoo_My_Notifications ending ***
[INFO ] 2022-05-18 20:06:44.434 [main] Log - *** Running test method SanDiegoZoo_My_Requests...
[INFO ] 2022-05-18 20:07:08.488 [main] Log - *** Test Suite SanDiegoZoo_My_Requests ending ***
[INFO ] 2022-05-18 20:07:17.178 [main] Log - *** Running test method SanDiegoZoo_Nutrition_Warehouse_Issue_Sheets...
[INFO ] 2022-05-18 20:07:29.651 [main] Log - *** Test Suite SanDiegoZoo_Nutrition_Warehouse_Issue_Sheets ending ***
[INFO ] 2022-05-18 20:07:40.104 [main] Log - *** Running test method SanDiegoZoo_Nutrition_Warehouse_ Pickup_Requests...
[INFO ] 2022-05-18 20:07:52.651 [main] Log - *** Test Suite SanDiegoZoo_Nutrition_Warehouse_ Pickup_Requests ending ***
[INFO ] 2022-05-18 20:08:02.289 [main] Log - *** Running test method SanDiegoZoo_Feed_Nutrient_Data...
[INFO ] 2022-05-18 20:08:47.987 [main] Log - *** Test Suite SanDiegoZoo_Feed_Nutrient_Data ending ***
[INFO ] 2022-05-18 20:08:57.494 [main] Log - *** Running test method SanDiegoZoo_Nutrient_Data_Upload...
[INFO ] 2022-05-18 20:09:39.696 [main] Log - *** Test Suite SanDiegoZoo_Nutrient_Data_Upload ending ***
[INFO ] 2022-05-18 20:09:48.153 [main] Log - *** Running test method SanDiegoZoo_Taxa_Energy_Requirements...
[INFO ] 2022-05-18 20:10:24.147 [main] Log - *** Test Suite SanDiegoZoo_Taxa_Energy_Requirements ending ***
[INFO ] 2022-05-18 20:10:34.775 [main] Log - *** Running test method SanDiegoZoo_Taxa_Nutrient_Requirements...
[INFO ] 2022-05-18 20:11:17.525 [main] Log - *** Test Suite SanDiegoZoo_Taxa_Nutrient_Requirements ending ***
[INFO ] 2022-05-18 20:11:27.478 [main] Log - *** Running test method SanDiegoZoo_Diet_Management_Report...
[INFO ] 2022-05-18 20:11:39.368 [main] Log - *** Test Suite SanDiegoZoo_Diet_Management_Report ending ***
[INFO ] 2022-05-18 20:11:51.480 [main] Log - *** Running test method SanDiegoZoo_Inventory_Item_And_Feed_Type_Mapping...
[INFO ] 2022-05-18 20:12:04.070 [main] Log - *** Test Suite SanDiegoZoo_Inventory_Item_And_Feed_Type_Mapping ending ***
[INFO ] 2022-05-18 20:12:14.687 [main] Log - *** Running test method SanDiegoZoo_Inventory_Report...
[INFO ] 2022-05-18 20:12:27.100 [main] Log - *** Test Suite SanDiegoZoo_Inventory_Report ending ***
[INFO ] 2022-05-18 20:12:36.323 [main] Log - *** Running test method SanDiegoZoo_Notification_Report...
[INFO ] 2022-05-18 20:12:48.918 [main] Log - *** Test Suite SanDiegoZoo_Notification_Report ending ***
[INFO ] 2022-05-18 20:12:58.948 [main] Log - *** Running test method SanDiegoZoo_Nutrient_Data_Report...
[INFO ] 2022-05-18 20:13:11.682 [main] Log - *** Test Suite SanDiegoZoo_Nutrient_Data_Report ending ***
